This file contains any messages produced by compilers while
running configure, to aid debugging if configure makes a mistake.

It was created by configure, which was
generated by GNU Autoconf 2.62.  Invocation command line was

  $ ./configure 

## --------- ##
## Platform. ##
## --------- ##

hostname = DESKTOP-033HKCJ
uname -m = x86_64
uname -r = 5.10.43.3-microsoft-standard-WSL2
uname -s = Linux
uname -v = #1 SMP Wed Jun 16 23:47:55 UTC 2021

/usr/bin/uname -p = x86_64
/bin/uname -X     = unknown

/bin/arch              = x86_64
/usr/bin/arch -k       = unknown
/usr/convex/getsysinfo = unknown
/usr/bin/hostinfo      = unknown
/bin/machine           = unknown
/usr/bin/oslevel       = unknown
/bin/universe          = unknown

PATH: /usr/local/sbin
PATH: /usr/local/bin
PATH: /usr/sbin
PATH: /usr/bin
PATH: /sbin
PATH: /bin
PATH: /usr/games
PATH: /usr/local/games
PATH: /usr/lib/wsl/lib
PATH: /mnt/c/WINDOWS/system32
PATH: /mnt/c/WINDOWS
PATH: /mnt/c/WINDOWS/System32/Wbem
PATH: /mnt/c/WINDOWS/System32/WindowsPowerShell/v1.0/
PATH: /mnt/c/WINDOWS/System32/OpenSSH/
PATH: /mnt/c/Program Files/Git/cmd
PATH: /mnt/c/Program Files/nodejs/
PATH: /mnt/c/Users/jieya/AppData/Local/Microsoft/WindowsApps
PATH: /mnt/c/Users/jieya/AppData/Local/Programs/Microsoft VS Code/bin
PATH: /mnt/d/texlive/2021/bin/win32
PATH: /mnt/c/Users/jieya/AppData/Roaming/npm
PATH: /snap/bin


## ----------- ##
## Core tests. ##
## ----------- ##

configure:1801: checking for current directory name
configure:1850: result: /home/jayyee/test/adlb/lib/adlbm
configure:1870: checking gnumake
configure:1885: result: yes using --no-print-directory
configure:1899: checking BSD 4.4 make
configure:1919: result: no - whew
configure:1925: checking OSF V3 make
configure:1944: result: no
configure:1951: checking for virtual path format
configure:1966: result: VPATH
configure:2149: checking for gcc
configure:2176: result: mpicc
configure:2414: checking for C compiler version
configure:2422: mpicc --version >&5
gcc (Ubuntu 9.3.0-17ubuntu1~20.04) 9.3.0
Copyright (C) 2019 Free Software Foundation, Inc.
This is free software; see the source for copying conditions.  There is NO
warranty; not even for MERCHANTABILITY or FITNESS FOR A PARTICULAR PURPOSE.

configure:2426: $? = 0
configure:2433: mpicc -v >&5
mpicc for MPICH version 3.3.2
Using built-in specs.
COLLECT_GCC=gcc
COLLECT_LTO_WRAPPER=/usr/lib/gcc/x86_64-linux-gnu/9/lto-wrapper
OFFLOAD_TARGET_NAMES=nvptx-none:hsa
OFFLOAD_TARGET_DEFAULT=1
Target: x86_64-linux-gnu
Configured with: ../src/configure -v --with-pkgversion='Ubuntu 9.3.0-17ubuntu1~20.04' --with-bugurl=file:///usr/share/doc/gcc-9/README.Bugs --enable-languages=c,ada,c++,go,brig,d,fortran,objc,obj-c++,gm2 --prefix=/usr --with-gcc-major-version-only --program-suffix=-9 --program-prefix=x86_64-linux-gnu- --enable-shared --enable-linker-build-id --libexecdir=/usr/lib --without-included-gettext --enable-threads=posix --libdir=/usr/lib --enable-nls --enable-clocale=gnu --enable-libstdcxx-debug --enable-libstdcxx-time=yes --with-default-libstdcxx-abi=new --enable-gnu-unique-object --disable-vtable-verify --enable-plugin --enable-default-pie --with-system-zlib --with-target-system-zlib=auto --enable-objc-gc=auto --enable-multiarch --disable-werror --with-arch-32=i686 --with-abi=m64 --with-multilib-list=m32,m64,mx32 --enable-multilib --with-tune=generic --enable-offload-targets=nvptx-none=/build/gcc-9-HskZEa/gcc-9-9.3.0/debian/tmp-nvptx/usr,hsa --without-cuda-driver --enable-checking=release --build=x86_64-linux-gnu --host=x86_64-linux-gnu --target=x86_64-linux-gnu
Thread model: posix
gcc version 9.3.0 (Ubuntu 9.3.0-17ubuntu1~20.04) 
configure:2437: $? = 0
configure:2444: mpicc -V >&5
gcc: error: unrecognized command line option '-V'
configure:2448: $? = 1
configure:2471: checking for C compiler default output file name
configure:2493: mpicc    conftest.c  >&5
configure:2497: $? = 0
configure:2535: result: a.out
configure:2552: checking whether the C compiler works
configure:2562: ./a.out
configure:2566: $? = 0
configure:2583: result: yes
configure:2590: checking whether we are cross compiling
configure:2592: result: no
configure:2595: checking for suffix of executables
configure:2602: mpicc -o conftest    conftest.c  >&5
configure:2606: $? = 0
configure:2630: result: 
configure:2636: checking for suffix of object files
configure:2662: mpicc -c   conftest.c >&5
configure:2666: $? = 0
configure:2689: result: o
configure:2693: checking whether we are using the GNU C compiler
configure:2722: mpicc -c   conftest.c >&5
configure:2729: $? = 0
configure:2746: result: yes
configure:2755: checking whether mpicc accepts -g
configure:2785: mpicc -c -g  conftest.c >&5
configure:2792: $? = 0
configure:2893: result: yes
configure:2910: checking for mpicc option to accept ISO C89
configure:2984: mpicc  -c -g -O2  conftest.c >&5
configure:2991: $? = 0
configure:3014: result: none needed
configure:3034: checking for ar
configure:3050: found /usr/bin/ar
configure:3062: result: ar
configure:3113: checking for ranlib
configure:3129: found /usr/bin/ranlib
configure:3140: result: ranlib
configure:3780: checking for the linkage of the supplied MPI C definitions 
configure:3839: mpicc -o conftest -g -O2   conftest.c  >&5
configure:3846: $? = 0
configure:3881: result: yes
configure:3895: checking for the linkage of the supplied MPI F77 definitions 
configure:3937: mpif90 -o conftest   conftest.f   >&5
configure:3944: $? = 0
configure:3979: result: yes
configure:3999: checking how to get verbose linking output from mpif90
configure:4015: mpif90 -c  conftest.f >&5
configure:4022: $? = 0
configure:4044: mpif90 -o conftest -v conftest.f
mpifort for MPICH version 3.3.2
Using built-in specs.
Target: x86_64-linux-gnu
Configured with: ../src/configure -v --with-pkgversion='Ubuntu 9.3.0-17ubuntu1~20.04' --with-bugurl=file:///usr/share/doc/gcc-9/README.Bugs --enable-languages=c,ada,c++,go,brig,d,fortran,objc,obj-c++,gm2 --prefix=/usr --with-gcc-major-version-only --program-suffix=-9 --program-prefix=x86_64-linux-gnu- --enable-shared --enable-linker-build-id --libexecdir=/usr/lib --without-included-gettext --enable-threads=posix --libdir=/usr/lib --enable-nls --enable-clocale=gnu --enable-libstdcxx-debug --enable-libstdcxx-time=yes --with-default-libstdcxx-abi=new --enable-gnu-unique-object --disable-vtable-verify --enable-plugin --enable-default-pie --with-system-zlib --with-target-system-zlib=auto --enable-objc-gc=auto --enable-multiarch --disable-werror --with-arch-32=i686 --with-abi=m64 --with-multilib-list=m32,m64,mx32 --enable-multilib --with-tune=generic --enable-offload-targets=nvptx-none=/build/gcc-9-HskZEa/gcc-9-9.3.0/debian/tmp-nvptx/usr,hsa --without-cuda-driver --enable-checking=release --build=x86_64-linux-gnu --host=x86_64-linux-gnu --target=x86_64-linux-gnu
Thread model: posix
gcc version 9.3.0 (Ubuntu 9.3.0-17ubuntu1~20.04) 
 /usr/lib/gcc/x86_64-linux-gnu/9/f951 conftest.f -ffixed-form -I /usr/include/x86_64-linux-gnu/mpich -I /usr/include/x86_64-linux-gnu/mpich -quiet -dumpbase conftest.f -mtune=generic -march=x86-64 -auxbase conftest -version -fintrinsic-modules-path /usr/lib/gcc/x86_64-linux-gnu/9/finclude -fpre-include=/usr/include/finclude/math-vector-fortran.h -o /tmp/ccyI0NzM.s
GNU Fortran (Ubuntu 9.3.0-17ubuntu1~20.04) version 9.3.0 (x86_64-linux-gnu)
	compiled by GNU C version 9.3.0, GMP version 6.2.0, MPFR version 4.0.2, MPC version 1.1.0, isl version isl-0.22.1-GMP

GGC heuristics: --param ggc-min-expand=100 --param ggc-min-heapsize=131072
GNU Fortran2008 (Ubuntu 9.3.0-17ubuntu1~20.04) version 9.3.0 (x86_64-linux-gnu)
	compiled by GNU C version 9.3.0, GMP version 6.2.0, MPFR version 4.0.2, MPC version 1.1.0, isl version isl-0.22.1-GMP

GGC heuristics: --param ggc-min-expand=100 --param ggc-min-heapsize=131072
 as -v -I /usr/include/x86_64-linux-gnu/mpich -I /usr/include/x86_64-linux-gnu/mpich --64 -o /tmp/ccR73oFL.o /tmp/ccyI0NzM.s
GNU assembler version 2.34 (x86_64-linux-gnu) using BFD version (GNU Binutils for Ubuntu) 2.34
Reading specs from /usr/lib/gcc/x86_64-linux-gnu/9/libgfortran.spec
rename spec lib to liborig
 /usr/lib/gcc/x86_64-linux-gnu/9/collect2 -plugin /usr/lib/gcc/x86_64-linux-gnu/9/liblto_plugin.so -plugin-opt=/usr/lib/gcc/x86_64-linux-gnu/9/lto-wrapper -plugin-opt=-fresolution=/tmp/ccgad1wJ.res -plugin-opt=-pass-through=-lgcc_s -plugin-opt=-pass-through=-lgcc -plugin-opt=-pass-through=-lquadmath -plugin-opt=-pass-through=-lm -plugin-opt=-pass-through=-lgcc_s -plugin-opt=-pass-through=-lgcc -plugin-opt=-pass-through=-lc -plugin-opt=-pass-through=-lgcc_s -plugin-opt=-pass-through=-lgcc --build-id --eh-frame-hdr -m elf_x86_64 --hash-style=gnu --as-needed -dynamic-linker /lib64/ld-linux-x86-64.so.2 -pie -z now -z relro -o conftest /usr/lib/gcc/x86_64-linux-gnu/9/../../../x86_64-linux-gnu/Scrt1.o /usr/lib/gcc/x86_64-linux-gnu/9/../../../x86_64-linux-gnu/crti.o /usr/lib/gcc/x86_64-linux-gnu/9/crtbeginS.o -L/usr/lib/x86_64-linux-gnu -L/usr/lib/gcc/x86_64-linux-gnu/9 -L/usr/lib/gcc/x86_64-linux-gnu/9/../../../x86_64-linux-gnu -L/usr/lib/gcc/x86_64-linux-gnu/9/../../../../lib -L/lib/x86_64-linux-gnu -L/lib/../lib -L/usr/lib/x86_64-linux-gnu -L/usr/lib/../lib -L/usr/lib/gcc/x86_64-linux-gnu/9/../../.. -Bsymbolic-functions -z relro /tmp/ccR73oFL.o -lmpichfort -lmpich -lgfortran -lm -lgcc_s -lgcc -lquadmath -lm -lgcc_s -lgcc -lc -lgcc_s -lgcc /usr/lib/gcc/x86_64-linux-gnu/9/crtendS.o /usr/lib/gcc/x86_64-linux-gnu/9/../../../x86_64-linux-gnu/crtn.o
configure:4113: result: -v
configure:4115: checking for Fortran 77 libraries of mpif90
configure:4138: mpif90 -o conftest -v conftest.f
mpifort for MPICH version 3.3.2
Using built-in specs.
Target: x86_64-linux-gnu
Configured with: ../src/configure -v --with-pkgversion='Ubuntu 9.3.0-17ubuntu1~20.04' --with-bugurl=file:///usr/share/doc/gcc-9/README.Bugs --enable-languages=c,ada,c++,go,brig,d,fortran,objc,obj-c++,gm2 --prefix=/usr --with-gcc-major-version-only --program-suffix=-9 --program-prefix=x86_64-linux-gnu- --enable-shared --enable-linker-build-id --libexecdir=/usr/lib --without-included-gettext --enable-threads=posix --libdir=/usr/lib --enable-nls --enable-clocale=gnu --enable-libstdcxx-debug --enable-libstdcxx-time=yes --with-default-libstdcxx-abi=new --enable-gnu-unique-object --disable-vtable-verify --enable-plugin --enable-default-pie --with-system-zlib --with-target-system-zlib=auto --enable-objc-gc=auto --enable-multiarch --disable-werror --with-arch-32=i686 --with-abi=m64 --with-multilib-list=m32,m64,mx32 --enable-multilib --with-tune=generic --enable-offload-targets=nvptx-none=/build/gcc-9-HskZEa/gcc-9-9.3.0/debian/tmp-nvptx/usr,hsa --without-cuda-driver --enable-checking=release --build=x86_64-linux-gnu --host=x86_64-linux-gnu --target=x86_64-linux-gnu
Thread model: posix
gcc version 9.3.0 (Ubuntu 9.3.0-17ubuntu1~20.04) 
 /usr/lib/gcc/x86_64-linux-gnu/9/f951 conftest.f -ffixed-form -I /usr/include/x86_64-linux-gnu/mpich -I /usr/include/x86_64-linux-gnu/mpich -quiet -dumpbase conftest.f -mtune=generic -march=x86-64 -auxbase conftest -version -fintrinsic-modules-path /usr/lib/gcc/x86_64-linux-gnu/9/finclude -fpre-include=/usr/include/finclude/math-vector-fortran.h -o /tmp/ccmzmkAn.s
GNU Fortran (Ubuntu 9.3.0-17ubuntu1~20.04) version 9.3.0 (x86_64-linux-gnu)
	compiled by GNU C version 9.3.0, GMP version 6.2.0, MPFR version 4.0.2, MPC version 1.1.0, isl version isl-0.22.1-GMP

GGC heuristics: --param ggc-min-expand=100 --param ggc-min-heapsize=131072
GNU Fortran2008 (Ubuntu 9.3.0-17ubuntu1~20.04) version 9.3.0 (x86_64-linux-gnu)
	compiled by GNU C version 9.3.0, GMP version 6.2.0, MPFR version 4.0.2, MPC version 1.1.0, isl version isl-0.22.1-GMP

GGC heuristics: --param ggc-min-expand=100 --param ggc-min-heapsize=131072
 as -v -I /usr/include/x86_64-linux-gnu/mpich -I /usr/include/x86_64-linux-gnu/mpich --64 -o /tmp/ccQ70nhk.o /tmp/ccmzmkAn.s
GNU assembler version 2.34 (x86_64-linux-gnu) using BFD version (GNU Binutils for Ubuntu) 2.34
Reading specs from /usr/lib/gcc/x86_64-linux-gnu/9/libgfortran.spec
rename spec lib to liborig
 /usr/lib/gcc/x86_64-linux-gnu/9/collect2 -plugin /usr/lib/gcc/x86_64-linux-gnu/9/liblto_plugin.so -plugin-opt=/usr/lib/gcc/x86_64-linux-gnu/9/lto-wrapper -plugin-opt=-fresolution=/tmp/cc6CT7nk.res -plugin-opt=-pass-through=-lgcc_s -plugin-opt=-pass-through=-lgcc -plugin-opt=-pass-through=-lquadmath -plugin-opt=-pass-through=-lm -plugin-opt=-pass-through=-lgcc_s -plugin-opt=-pass-through=-lgcc -plugin-opt=-pass-through=-lc -plugin-opt=-pass-through=-lgcc_s -plugin-opt=-pass-through=-lgcc --build-id --eh-frame-hdr -m elf_x86_64 --hash-style=gnu --as-needed -dynamic-linker /lib64/ld-linux-x86-64.so.2 -pie -z now -z relro -o conftest /usr/lib/gcc/x86_64-linux-gnu/9/../../../x86_64-linux-gnu/Scrt1.o /usr/lib/gcc/x86_64-linux-gnu/9/../../../x86_64-linux-gnu/crti.o /usr/lib/gcc/x86_64-linux-gnu/9/crtbeginS.o -L/usr/lib/x86_64-linux-gnu -L/usr/lib/gcc/x86_64-linux-gnu/9 -L/usr/lib/gcc/x86_64-linux-gnu/9/../../../x86_64-linux-gnu -L/usr/lib/gcc/x86_64-linux-gnu/9/../../../../lib -L/lib/x86_64-linux-gnu -L/lib/../lib -L/usr/lib/x86_64-linux-gnu -L/usr/lib/../lib -L/usr/lib/gcc/x86_64-linux-gnu/9/../../.. -Bsymbolic-functions -z relro /tmp/ccQ70nhk.o -lmpichfort -lmpich -lgfortran -lm -lgcc_s -lgcc -lquadmath -lm -lgcc_s -lgcc -lc -lgcc_s -lgcc /usr/lib/gcc/x86_64-linux-gnu/9/crtendS.o /usr/lib/gcc/x86_64-linux-gnu/9/../../../x86_64-linux-gnu/crtn.o
configure:4315: result:  -L/usr/lib/x86_64-linux-gnu -L/usr/lib/gcc/x86_64-linux-gnu/9 -L/usr/lib/gcc/x86_64-linux-gnu/9/../../../x86_64-linux-gnu -L/usr/lib/gcc/x86_64-linux-gnu/9/../../../../lib -L/lib/x86_64-linux-gnu -L/lib/../lib -L/usr/lib/../lib -L/usr/lib/gcc/x86_64-linux-gnu/9/../../.. -lmpichfort -lmpich -lgfortran -lm -lquadmath
configure:4331: checking whether mpif90 accepts the FLIBS found by autoconf
configure:4343: mpif90 -o conftest   conftest.f  >&5
configure:4346: $? = 0
configure:4354: result: yes
configure:4390: checking whether C can link with  -L/usr/lib/x86_64-linux-gnu -L/usr/lib/gcc/x86_64-linux-gnu/9 -L/usr/lib/gcc/x86_64-linux-gnu/9/../../../x86_64-linux-gnu -L/usr/lib/gcc/x86_64-linux-gnu/9/../../../../lib -L/lib/x86_64-linux-gnu -L/lib/../lib -L/usr/lib/../lib -L/usr/lib/gcc/x86_64-linux-gnu/9/../../.. -lmpichfort -lmpich -lgfortran -lm -lquadmath
configure:4416: mpicc -o conftest -g -O2   conftest.c   -L/usr/lib/x86_64-linux-gnu -L/usr/lib/gcc/x86_64-linux-gnu/9 -L/usr/lib/gcc/x86_64-linux-gnu/9/../../../x86_64-linux-gnu -L/usr/lib/gcc/x86_64-linux-gnu/9/../../../../lib -L/lib/x86_64-linux-gnu -L/lib/../lib -L/usr/lib/../lib -L/usr/lib/gcc/x86_64-linux-gnu/9/../../.. -lmpichfort -lmpich -lgfortran -lm -lquadmath >&5
configure:4423: $? = 0
configure:4443: result: yes
configure:4540: mpicc -c -g -O2  conftest.c >&5
configure:4547: $? = 0
configure:4565: checking for linker for Fortran main programs
configure:4582: mpicc -c -g -O2  conftest.c >&5
configure:4585: $? = 0
configure:4604: mpif90 -c  conftest.f >&5
configure:4607: $? = 0
configure:4615: result: Use Fortran to link programs
configure:4640: checking for Fortran 77 name mangling
configure:4665: mpif90 -c  conftest.f 1>&5
configure:4668: $? = 0
configure:4706: mpicc -o conftest -g -O2   conftest.c fconftestf.o  -L/usr/lib/x86_64-linux-gnu -L/usr/lib/gcc/x86_64-linux-gnu/9 -L/usr/lib/gcc/x86_64-linux-gnu/9/../../../x86_64-linux-gnu -L/usr/lib/gcc/x86_64-linux-gnu/9/../../../../lib -L/lib/x86_64-linux-gnu -L/lib/../lib -L/usr/lib/../lib -L/usr/lib/gcc/x86_64-linux-gnu/9/../../.. -lmpichfort -lmpich -lgfortran -lm -lquadmath  >&5
conftest.c: In function 'main':
conftest.c:13:1: warning: implicit declaration of function 'my_name' [-Wimplicit-function-declaration]
   13 | my_name();
      | ^~~~~~~
/usr/bin/ld: /tmp/ccYpB3UJ.o: in function `main':
/home/jayyee/test/adlb/lib/adlbm/conftest.c:13: undefined reference to `my_name'
collect2: error: ld returned 1 exit status
configure:4713: $? = 1
configure: failed program was:
| /* confdefs.h.  */
| #define PACKAGE_NAME ""
| #define PACKAGE_TARNAME ""
| #define PACKAGE_VERSION ""
| #define PACKAGE_STRING ""
| #define PACKAGE_BUGREPORT ""
| #define HAVE_LONG_LONG 1
| /* end confdefs.h.  */
| 
| int
| main ()
| {
| my_name();
|   ;
|   return 0;
| }
configure:4754: mpicc -o conftest -g -O2   conftest.c fconftestf.o  -L/usr/lib/x86_64-linux-gnu -L/usr/lib/gcc/x86_64-linux-gnu/9 -L/usr/lib/gcc/x86_64-linux-gnu/9/../../../x86_64-linux-gnu -L/usr/lib/gcc/x86_64-linux-gnu/9/../../../../lib -L/lib/x86_64-linux-gnu -L/lib/../lib -L/usr/lib/../lib -L/usr/lib/gcc/x86_64-linux-gnu/9/../../.. -lmpichfort -lmpich -lgfortran -lm -lquadmath  >&5
conftest.c: In function 'main':
conftest.c:13:1: warning: implicit declaration of function 'my_name_' [-Wimplicit-function-declaration]
   13 | my_name_();
      | ^~~~~~~~
configure:4761: $? = 0
configure:5036: result: lower underscore
configure:5129: checking what libraries are needed to link Fortran programs with C routines that use stdio
configure:5148: mpicc -c -g -O2 conftestc.c 1>&5
configure:5151: $? = 0
configure:5160: mpif90  -o conftest conftest.f conftestc.o 1>&5
configure:5163: $? = 0
configure:5186: result: none
configure:5197: checking for Fortran 77 flag for library directories
configure:5215: mpif90 -c  conftest1.f 1>&5
configure:5218: $? = 0
configure:5226: ar cr conftest2/libconftest.a conftest1.o
configure:5229: $? = 0
configure:5232: ranlib conftest2/libconftest.a
configure:5235: $? = 0
configure:5239: mpif90 -o conftest  -Lconftest2 conftest.f -lconftest  1>&5
configure:5242: $? = 0
configure:5256: result: -L
configure:5269: checking for include directory flag for Fortran
configure:5289: mpif90 -c  -If77tmpdir conftest.f 1>&5
configure:5292: $? = 0
configure:5302: result: -I
configure:5243: checking how to run the C preprocessor
configure:5283: mpicc -E  conftest.c
configure:5290: $? = 0
configure:5321: mpicc -E  conftest.c
conftest.c:11:10: fatal error: ac_nonexistent.h: No such file or directory
   11 | #include <ac_nonexistent.h>
      |          ^~~~~~~~~~~~~~~~~~
compilation terminated.
configure:5328: $? = 1
configure: failed program was:
| /* confdefs.h.  */
| #define PACKAGE_NAME ""
| #define PACKAGE_TARNAME ""
| #define PACKAGE_VERSION ""
| #define PACKAGE_STRING ""
| #define PACKAGE_BUGREPORT ""
| #define HAVE_LONG_LONG 1
| #define F77_NAME_LOWER_USCORE 1
| #define STDCALL 
| /* end confdefs.h.  */
| #include <ac_nonexistent.h>
configure:5361: result: mpicc -E
configure:5390: mpicc -E  conftest.c
configure:5397: $? = 0
configure:5428: mpicc -E  conftest.c
conftest.c:11:10: fatal error: ac_nonexistent.h: No such file or directory
   11 | #include <ac_nonexistent.h>
      |          ^~~~~~~~~~~~~~~~~~
compilation terminated.
configure:5435: $? = 1
configure: failed program was:
| /* confdefs.h.  */
| #define PACKAGE_NAME ""
| #define PACKAGE_TARNAME ""
| #define PACKAGE_VERSION ""
| #define PACKAGE_STRING ""
| #define PACKAGE_BUGREPORT ""
| #define HAVE_LONG_LONG 1
| #define F77_NAME_LOWER_USCORE 1
| #define STDCALL 
| /* end confdefs.h.  */
| #include <ac_nonexistent.h>
configure:5479: checking for the MPE compiler flags 
configure:5506: mpicc -o conftest -g -O2 -mpe=mpilog   conftest.c  >&5
gcc: error: unrecognized command line option '-mpe=mpilog'
configure:5513: $? = 1
configure: failed program was:
| /* confdefs.h.  */
| #define PACKAGE_NAME ""
| #define PACKAGE_TARNAME ""
| #define PACKAGE_VERSION ""
| #define PACKAGE_STRING ""
| #define PACKAGE_BUGREPORT ""
| #define HAVE_LONG_LONG 1
| #define F77_NAME_LOWER_USCORE 1
| #define STDCALL 
| /* end confdefs.h.  */
| #include "mpe.h"
| int
| main ()
| {
| MPE_Init_log();
|   ;
|   return 0;
| }
configure:5562: mpicc -o conftest -g -O2 -mpilog   conftest.c  >&5
gcc: error: unrecognized command line option '-mpilog'
configure:5569: $? = 1
configure: failed program was:
| /* confdefs.h.  */
| #define PACKAGE_NAME ""
| #define PACKAGE_TARNAME ""
| #define PACKAGE_VERSION ""
| #define PACKAGE_STRING ""
| #define PACKAGE_BUGREPORT ""
| #define HAVE_LONG_LONG 1
| #define F77_NAME_LOWER_USCORE 1
| #define STDCALL 
| /* end confdefs.h.  */
| #include "mpe.h"
| int
| main ()
| {
| MPE_Init_log();
|   ;
|   return 0;
| }
configure:5596: result: none
configure:5636: creating ./config.status

## ---------------------- ##
## Running config.status. ##
## ---------------------- ##

This file was extended by config.status, which was
generated by GNU Autoconf 2.62.  Invocation command line was

  CONFIG_FILES    = 
  CONFIG_HEADERS  = 
  CONFIG_LINKS    = 
  CONFIG_COMMANDS = 
  $ ./config.status 

on DESKTOP-033HKCJ

config.status:730: creating Makefile
config.status:730: creating adlb_conf.h
config.status:941: adlb_conf.h is unchanged

## ---------------- ##
## Cache variables. ##
## ---------------- ##

ac_cv_c_compiler_gnu=yes
ac_cv_env_CC_set=
ac_cv_env_CC_value=
ac_cv_env_CFLAGS_set=
ac_cv_env_CFLAGS_value=
ac_cv_env_CPPFLAGS_set=
ac_cv_env_CPPFLAGS_value=
ac_cv_env_CPP_set=
ac_cv_env_CPP_value=
ac_cv_env_F77_set=
ac_cv_env_F77_value=
ac_cv_env_FFLAGS_set=
ac_cv_env_FFLAGS_value=
ac_cv_env_LDFLAGS_set=
ac_cv_env_LDFLAGS_value=
ac_cv_env_LIBS_set=
ac_cv_env_LIBS_value=
ac_cv_env_build_alias_set=
ac_cv_env_build_alias_value=
ac_cv_env_host_alias_set=
ac_cv_env_host_alias_value=
ac_cv_env_target_alias_set=
ac_cv_env_target_alias_value=
ac_cv_f77_libs=' -L/usr/lib/x86_64-linux-gnu -L/usr/lib/gcc/x86_64-linux-gnu/9 -L/usr/lib/gcc/x86_64-linux-gnu/9/../../../x86_64-linux-gnu -L/usr/lib/gcc/x86_64-linux-gnu/9/../../../../lib -L/lib/x86_64-linux-gnu -L/lib/../lib -L/usr/lib/../lib -L/usr/lib/gcc/x86_64-linux-gnu/9/../../.. -lmpichfort -lmpich -lgfortran -lm -lquadmath'
ac_cv_objext=o
ac_cv_prog_AR=ar
ac_cv_prog_CPP='mpicc -E'
ac_cv_prog_ac_ct_CC=mpicc
ac_cv_prog_ac_ct_RANLIB=ranlib
ac_cv_prog_cc_c89=
ac_cv_prog_cc_g=yes
ac_cv_prog_f77_v=-v
pac_cv_f77_flibs_valid=yes
pac_cv_prog_f77_and_c_stdio_libs=none
pac_cv_prog_f77_has_incdir=-I
pac_cv_prog_f77_library_dir_flag=-L
pac_cv_prog_f77_name_mangle='lower underscore'
pac_cv_test_stdcall=

## ----------------- ##
## Output variables. ##
## ----------------- ##

ADLB_BUILD_FORTRAN='yes'
ADLB_BUILD_LOGGING='no'
AR='ar'
CC='mpicc'
CFLAGS='-g -O2'
CPP='mpicc -E'
CPPFLAGS=''
CPRP='cp'
DEFS='-DHAVE_CONFIG_H'
ECHO_C=''
ECHO_N='-n'
ECHO_T=''
EXEEXT=''
F77='mpif90'
F77_INCDIR='-I'
F77_LIBDIR_LEADER='-L'
F77_NAME_MANGLE='F77_NAME_LOWER_USCORE'
F77_OTHER_LIBS=''
FFLAGS=''
FLIBS=' -L/usr/lib/x86_64-linux-gnu -L/usr/lib/gcc/x86_64-linux-gnu/9 -L/usr/lib/gcc/x86_64-linux-gnu/9/../../../x86_64-linux-gnu -L/usr/lib/gcc/x86_64-linux-gnu/9/../../../../lib -L/lib/x86_64-linux-gnu -L/lib/../lib -L/usr/lib/../lib -L/usr/lib/gcc/x86_64-linux-gnu/9/../../.. -lmpichfort -lmpich -lgfortran -lm -lquadmath'
LDFLAGS=''
LIBOBJS=''
LIBS=''
LOG_FLAG=''
LTLIBOBJS=''
MAKE='make --no-print-directory'
MKDIR='mkdir'
MPILOG_FLAG=''
MV='mv'
OBJEXT='o'
PACKAGE_BUGREPORT=''
PACKAGE_NAME=''
PACKAGE_STRING=''
PACKAGE_TARNAME=''
PACKAGE_VERSION=''
PATH_SEPARATOR=':'
RANLIB='ranlib'
RM='rm'
SHELL='/bin/bash'
VPATH='VPATH=.:$(srcdir)'
ac_ct_CC='mpicc'
ac_ct_F77=''
bindir='${exec_prefix}/bin'
build_alias=''
datadir='${datarootdir}'
datarootdir='${prefix}/share'
docdir='${datarootdir}/doc/${PACKAGE}'
dvidir='${docdir}'
exec_prefix='${prefix}'
host_alias=''
htmldir='${docdir}'
includedir='${prefix}/include'
infodir='${datarootdir}/info'
libdir='${exec_prefix}/lib'
libexecdir='${exec_prefix}/libexec'
localedir='${datarootdir}/locale'
localstatedir='${prefix}/var'
mandir='${datarootdir}/man'
oldincludedir='/usr/include'
pdfdir='${docdir}'
prefix='/usr/local'
program_transform_name='s,x,x,'
psdir='${docdir}'
sbindir='${exec_prefix}/sbin'
sharedstatedir='${prefix}/com'
sysconfdir='${prefix}/etc'
target_alias=''
top_srcdir_abs='/home/jayyee/test/adlb/lib/adlbm'

## ----------- ##
## confdefs.h. ##
## ----------- ##

#define PACKAGE_NAME ""
#define PACKAGE_TARNAME ""
#define PACKAGE_VERSION ""
#define PACKAGE_STRING ""
#define PACKAGE_BUGREPORT ""
#define HAVE_LONG_LONG 1
#define F77_NAME_LOWER_USCORE 1
#define STDCALL 

configure: exit 0
